<?xml version="1.0" encoding="UTF-8"?>
<!-- Generated by org.testng.reporters.JUnitXMLReporter -->
<testsuite hostname="Praveena" ignored="0" name="Test" tests="8" failures="0" timestamp="25 Feb 2022 15:52:44 GMT" time="0.06" errors="0">
  <testcase name="test1" time="0.012" classname="org.maven.HHHH"/>
  <testcase name="test2" time="0.001" classname="org.maven.HHHH"/>
  <testcase name="test3" time="0.0" classname="org.maven.HHHH"/>
  <testcase name="test4" time="0.001" classname="org.maven.HHHH"/>
  <testcase name="test10" time="0.001" classname="org.maven.JJJJ"/>
  <testcase name="test20" time="0.001" classname="org.maven.JJJJ"/>
  <testcase name="test30" time="0.0" classname="org.maven.JJJJ"/>
  <testcase name="test40" time="0.001" classname="org.maven.JJJJ"/>
</testsuite> <!-- Test -->
