<?xml version="1.0" encoding="UTF-8"?>
<testng-results skipped="0" failed="0" ignored="0" total="1" passed="1">
  <reporter-output>
  </reporter-output>
  <suite name="Default suite" duration-ms="10288" started-at="2022-03-02T15:28:00Z" finished-at="2022-03-02T15:28:11Z">
    <groups>
    </groups>
    <test name="Default test" duration-ms="10288" started-at="2022-03-02T15:28:00Z" finished-at="2022-03-02T15:28:11Z">
      <class name="org.maven.Amazon">
        <test-method status="PASS" signature="runin()[pri:0, instance:org.maven.Amazon@78c03f1f]" name="runin" duration-ms="10262" started-at="2022-03-02T15:28:00Z" finished-at="2022-03-02T15:28:11Z">
          <reporter-output>
          </reporter-output>
        </test-method> <!-- runin -->
      </class> <!-- org.maven.Amazon -->
    </test> <!-- Default test -->
  </suite> <!-- Default suite -->
</testng-results>
